#
# A fatal error has been detected by the Java Runtime Environment:
#
#  EXCEPTION_IN_PAGE_ERROR (0xc0000006) at pc=0x00007ffbfcba80d0, pid=7232, tid=13580
#
# JRE version: Java(TM) SE Runtime Environment (17.0.1+12) (build 17.0.1+12-LTS-39)
# Java VM: Java HotSpot(TM) 64-Bit Server VM (17.0.1+12-LTS-39, mixed mode, sharing, tiered, compressed oops, compressed class ptrs, g1 gc, windows-amd64)
# Problematic frame:
# V  [jvm.dll+0x2480d0]
#
# No core dump will be written. Minidumps are not enabled by default on client versions of Windows
#
# If you would like to submit a bug report, please visit:
#   https://bugreport.java.com/bugreport/crash.jsp
#

---------------  S U M M A R Y ------------

Command Line: -javaagent:C:\Program Files\JetBrains\IntelliJ IDEA Community Edition 2022.2.1\lib\idea_rt.jar=50986:C:\Program Files\JetBrains\IntelliJ IDEA Community Edition 2022.2.1\bin -Dfile.encoding=UTF-8 booking.Login

Host: Intel(R) Core(TM) i5-3360M CPU @ 2.80GHz, 4 cores, 7G,  Windows 10 , 64 bit Build 19041 (10.0.19041.2913)
Time: Thu May 18 00:22:53 2023 Mitteleuropäische Sommerzeit elapsed time: 14.744723 seconds (0d 0h 0m 14s)

---------------  T H R E A D  ---------------

Current thread (0x00000267d113cc00):  ConcurrentGCThread "G1 Conc#0" [stack: 0x000000bf18400000,0x000000bf18500000] [id=13580]

Stack: [0x000000bf18400000,0x000000bf18500000],  sp=0x000000bf184ff498,  free space=1021k
Native frames: (J=compiled Java code, j=interpreted, Vv=VM code, C=native code)
V  [jvm.dll+0x2480d0]
V  [jvm.dll+0x2d1c53]
V  [jvm.dll+0x2cfe61]
V  [jvm.dll+0x2e56de]
V  [jvm.dll+0x2e1e51]
V  [jvm.dll+0x2e37ac]
V  [jvm.dll+0x2e2784]
V  [jvm.dll+0x2e62e6]
V  [jvm.dll+0x7fbb2b]
V  [jvm.dll+0x7fbb76]
V  [jvm.dll+0x77e91a]
V  [jvm.dll+0x66e845]
C  [ucrtbase.dll+0x21bb2]
C  [KERNEL32.DLL+0x17614]
C  [ntdll.dll+0x526a1]


siginfo: EXCEPTION_IN_PAGE_ERROR (0xc0000006), data execution prevention violation at address 0x00007ffbfcba80d0


Register to memory mapping:

RIP=0x00007ffbfcba80d0 jvm.dll
RAX=0x0 is NULL
RBX=0x000000bf184ff600 points into unknown readable memory: 0x00007ffbfd24e5f8 | f8 e5 24 fd fb 7f 00 00
RCX=0x0000000086a05ee8 is an oop: java.lang.ref.SoftReference 
{0x0000000086a05ee8} - klass: 'java/lang/ref/SoftReference'
 - ---- fields (total size 5 words):
 - private 'referent' 'Ljava/lang/Object;' @12  a 'java/lang/Class$ReflectionData'{0x0000000086a05f10} (86a05f10)
 - volatile 'queue' 'Ljava/lang/ref/ReferenceQueue;' @16  a 'java/lang/ref/ReferenceQueue$Null'{0x0000000086abc0f0} (86abc0f0)
 - volatile 'next' 'Ljava/lang/ref/Reference;' @20  NULL (0)
 - private transient 'discovered' 'Ljava/lang/ref/Reference;' @24  NULL (0)
 - private 'timestamp' 'J' @32  1174899 (11ed73 0)
RDX=0x0000000000000002 is an unknown value
RSP=0x000000bf184ff498 points into unknown readable memory: 0x00007ffbfcc31c53 | 53 1c c3 fc fb 7f 00 00
RBP=0x000000bf184ff600 points into unknown readable memory: 0x00007ffbfd24e5f8 | f8 e5 24 fd fb 7f 00 00
RSI=0x0000000800051ba0 is a pointer to class: 
java.lang.ref.SoftReference {0x0000000800051ba8}
 - instance size:     5
 - klass size:        72
 - access:            public synchronized 
 - state:             fully_initialized
 - name:              'java/lang/ref/SoftReference'
 - super:             'java/lang/ref/Reference'
 - sub:               'sun/security/util/MemoryCache$SoftCacheEntry'   'sun/font/FontDesignMetrics$KeyReference'   'sun/font/StrikeCache$SoftDisposerRef'   'sun/util/locale/provider/LocaleResources$ResourceReference'   (5 more klasses...)
 - arrays:            'java/lang/ref/SoftReference'[]
 - methods:           Array<T>(0x0000000800a8d2f0)
 - method ordering:   Array<T>(0x0000000800a8d2e0)
 - default_methods:   Array<T>(0x0000000000000000)
 - local interfaces:  Array<T>(0x00000008005af218)
 - trans. interfaces: Array<T>(0x00000008005af218)
 - constants:         constant pool [47] {0x0000000800a889e0} for 'java/lang/ref/SoftReference' cache=0x00000008003b3308
 - class loader data:  loader data: 0x00000267d11c77d0 of 'bootstrap'
 - source file:       'SoftReference.java'
 - class annotations:       Array<T>(0x0000000000000000)
 - class type annotations:  Array<T>(0x0000000000000000)
 - field annotations:       Array<T>(0x0000000000000000)
 - field type annotations:  Array<T>(0x0000000000000000)
 - generic signature: '<T:Ljava/lang/Object;>Ljava/lang/ref/Reference<TT;>;'
 - inner classes:     Array<T>(0x00000008005af1a8)
 - nest members:     Array<T>(0x00000008005af1a8)
 - permitted subclasses:     Array<T>(0x00000008005af1a8)
 - java mirror:       a 'java/lang/Class'{0x0000000086ba6ed0} = 'java/lang/ref/SoftReference'
 - vtable length      12  (start addr: 0x0000000800051d68)
 - itable length      2 (start addr: 0x0000000800051dc8)
 - ---- static fields (1 words):
 - private static 'clock' 'J' @112 
 - ---- non-static fields (7 words):
 - private 'referent' 'Ljava/lang/Object;' @12 
 - volatile 'queue' 'Ljava/lang/ref/ReferenceQueue;' @16 
 - volatile 'next' 'Ljava/lang/ref/Reference;' @20 
 - private transient 'discovered' 'Ljava/lang/ref/Reference;' @24 
 - private 'timestamp' 'J' @32 
 - non-static oop maps: 16-20 
RDI=0x0000000086a05ee8 is an oop: java.lang.ref.SoftReference 
{0x0000000086a05ee8} - klass: 'java/lang/ref/SoftReference'
 - ---- fields (total size 5 words):
 - private 'referent' 'Ljava/lang/Object;' @12  a 'java/lang/Class$ReflectionData'{0x0000000086a05f10} (86a05f10)
 - volatile 'queue' 'Ljava/lang/ref/ReferenceQueue;' @16  a 'java/lang/ref/ReferenceQueue$Null'{0x0000000086abc0f0} (86abc0f0)
 - volatile 'next' 'Ljava/lang/ref/Reference;' @20  NULL (0)
 - private transient 'discovered' 'Ljava/lang/ref/Reference;' @24  NULL (0)
 - private 'timestamp' 'J' @32  1174899 (11ed73 0)
R8 =0x000000bf184ff600 points into unknown readable memory: 0x00007ffbfd24e5f8 | f8 e5 24 fd fb 7f 00 00
R9 =0x00000267d11648f0 points into unknown readable memory: 0x0000000086a00000 | 00 00 a0 86 00 00 00 00
R10=0x0000000000000047 is an unknown value
R11=0x0000000000000003 is an unknown value
R12=0x0 is NULL
R13=0xaaaaaaaaaaaaaaab is an unknown value
R14=0x0000000000000001 is an unknown value
R15=0x000000bf184ff5c0 points into unknown readable memory: 0x00000267d112b1e0 | e0 b1 12 d1 67 02 00 00


Registers:
RAX=0x0000000000000000, RBX=0x000000bf184ff600, RCX=0x0000000086a05ee8, RDX=0x0000000000000002
RSP=0x000000bf184ff498, RBP=0x000000bf184ff600, RSI=0x0000000800051ba0, RDI=0x0000000086a05ee8
R8 =0x000000bf184ff600, R9 =0x00000267d11648f0, R10=0x0000000000000047, R11=0x0000000000000003
R12=0x0000000000000000, R13=0xaaaaaaaaaaaaaaab, R14=0x0000000000000001, R15=0x000000bf184ff5c0
RIP=0x00007ffbfcba80d0, EFLAGS=0x0000000000010246

Top of Stack: (sp=0x000000bf184ff498)
0x000000bf184ff498:   00007ffbfcc31c53 0000000086a058c0
0x000000bf184ff4a8:   00007ffc3e5c2680 000000bf184ff5c0
0x000000bf184ff4b8:   0000000000000001 0000000800051ba0
0x000000bf184ff4c8:   00007ffbfcc2fe61 0000000000000005
0x000000bf184ff4d8:   0000000086a05ee8 000000bf184ff600
0x000000bf184ff4e8:   0000000086a05ee8 00000267d113d880
0x000000bf184ff4f8:   00007ffbfcc456de 0000000086a05ee8
0x000000bf184ff508:   00000267d112b230 000000bf184ff5c0
0x000000bf184ff518:   00000267d112b230 0000000086a05ee8
0x000000bf184ff528:   00007ffbfcc41e51 0000000000400bdd
0x000000bf184ff538:   00000267d1100190 000000bf184ff570
0x000000bf184ff548:   00007ffbfcc433b4 0000000000420000
0x000000bf184ff558:   00007ffbfcc437ac 0000000086a05e78
0x000000bf184ff568:   0000000000400bdd 0000000000000000
0x000000bf184ff578:   0000000000000000 00000267d113cec0
0x000000bf184ff588:   0000000000000001 00000267d113d880 

Instructions: (pc=0x00007ffbfcba80d0)
0x00007ffbfcba7fd0:   48 03 d3 ff 10 48 63 15 d4 1a 8a 00 48 8b cf 48
0x00007ffbfcba7fe0:   8b 07 48 03 d3 ff 10 48 8b 5c 24 30 48 8b 74 24
0x00007ffbfcba7ff0:   38 48 8b 7c 24 40 48 83 c4 20 41 5e c3 cc cc cc
0x00007ffbfcba8000:   48 89 5c 24 08 48 89 6c 24 10 48 89 74 24 18 57
0x00007ffbfcba8010:   41 54 41 55 41 56 41 57 48 83 ec 20 48 8b 01 4c
0x00007ffbfcba8020:   8b e2 4c 8b f1 ff 50 10 49 8b 6e 40 4c 8d 2d c5
0x00007ffbfcba8030:   92 83 00 48 8b f0 66 66 0f 1f 84 00 00 00 00 00
0x00007ffbfcba8040:   4c 8b fd 48 8b c5 48 3b f5 73 54 0f 1f 44 00 00
0x00007ffbfcba8050:   80 3d bc 08 8a 00 00 74 15 8b 5e 08 8b 0d 56 92
0x00007ffbfcba8060:   83 00 48 d3 e3 48 03 1d 44 92 83 00 eb 04 48 8b
0x00007ffbfcba8070:   5e 08 48 8b d3 48 8b ce e8 73 49 f6 ff 4c 63 4b
0x00007ffbfcba8080:   0c 4c 8b c3 48 8b d6 48 63 f8 49 8b cc 43 ff 54
0x00007ffbfcba8090:   cd 00 48 8d 34 fe 48 3b f5 72 b5 49 8b 46 40 48
0x00007ffbfcba80a0:   8b e8 4c 3b f8 72 99 48 8b 5c 24 50 48 8b 6c 24
0x00007ffbfcba80b0:   58 49 89 76 18 48 8b 74 24 60 48 83 c4 20 41 5f
0x00007ffbfcba80c0:   41 5e 41 5d 41 5c 5f c3 cc cc cc cc cc cc cc cc
0x00007ffbfcba80d0:   48 89 5c 24 08 48 89 74 24 10 57 48 83 ec 20 49
0x00007ffbfcba80e0:   8b 70 08 8b fa 48 8b d9 48 85 f6 74 49 48 63 0d
0x00007ffbfcba80f0:   b0 19 8a 00 48 03 cb 83 fa 05 75 08 ff 15 c6 8a
0x00007ffbfcba8100:   83 00 eb 06 ff 15 b6 8a 83 00 48 85 c0 74 27 48
0x00007ffbfcba8110:   8b 00 24 03 3c 03 74 1e 48 8b 06 44 8b c7 48 8b
0x00007ffbfcba8120:   d3 48 8b ce 48 8b 5c 24 30 48 8b 74 24 38 48 83
0x00007ffbfcba8130:   c4 20 5f 48 ff 20 48 8b 5c 24 30 32 c0 48 8b 74
0x00007ffbfcba8140:   24 38 48 83 c4 20 5f c3 cc cc cc cc cc cc cc cc
0x00007ffbfcba8150:   48 8b c4 48 89 58 08 48 89 68 10 48 89 70 18 48
0x00007ffbfcba8160:   89 78 20 41 56 48 81 ec 90 00 00 00 0f 10 02 49
0x00007ffbfcba8170:   8b e9 48 8b f1 0f 10 4a 10 0f 29 40 b8 0f 10 42
0x00007ffbfcba8180:   20 0f 29 48 c8 f2 0f 10 4a 30 48 8d 50 b8 0f 29
0x00007ffbfcba8190:   40 d8 f2 0f 11 48 e8 e8 b4 fa 0e 00 48 8d 05 ad
0x00007ffbfcba81a0:   8a 69 00 b2 01 48 8d 8e 00 01 00 00 48 89 06 e8
0x00007ffbfcba81b0:   7c 97 e5 ff 45 33 f6 48 c7 86 60 02 00 00 fe 01
0x00007ffbfcba81c0:   00 00 4c 89 b6 18 02 00 00 48 8d 05 d8 89 69 00 


Stack slot to memory mapping:
stack at sp + 0 slots: 0x00007ffbfcc31c53 jvm.dll
stack at sp + 1 slots: 0x0000000086a058c0 is pointing into object: [Ljava.lang.Object; 
{0x0000000086a058a8} - klass: 'java/lang/Object'[]
 - length: 3
stack at sp + 2 slots: 0x00007ffc3e5c2680 ntdll.dll
stack at sp + 3 slots: 0x000000bf184ff5c0 points into unknown readable memory: 0x00000267d112b1e0 | e0 b1 12 d1 67 02 00 00
stack at sp + 4 slots: 0x0000000000000001 is an unknown value
stack at sp + 5 slots: 0x0000000800051ba0 is a pointer to class: 
java.lang.ref.SoftReference {0x0000000800051ba8}
 - instance size:     5
 - klass size:        72
 - access:            public synchronized 
 - state:             fully_initialized
 - name:              'java/lang/ref/SoftReference'
 - super:             'java/lang/ref/Reference'
 - sub:               'sun/security/util/MemoryCache$SoftCacheEntry'   'sun/font/FontDesignMetrics$KeyReference'   'sun/font/StrikeCache$SoftDisposerRef'   'sun/util/locale/provider/LocaleResources$ResourceReference'   (5 more klasses...)
 - arrays:            'java/lang/ref/SoftReference'[]
 - methods:           Array<T>(0x0000000800a8d2f0)
 - method ordering:   Array<T>(0x0000000800a8d2e0)
 - default_methods:   Array<T>(0x0000000000000000)
 - local interfaces:  Array<T>(0x00000008005af218)
 - trans. interfaces: Array<T>(0x00000008005af218)
 - constants:         constant pool [47] {0x0000000800a889e0} for 'java/lang/ref/SoftReference' cache=0x00000008003b3308
 - class loader data:  loader data: 0x00000267d11c77d0 of 'bootstrap'
 - source file:       'SoftReference.java'
 - class annotations:       Array<T>(0x0000000000000000)
 - class type annotations:  Array<T>(0x0000000000000000)
 - field annotations:       Array<T>(0x0000000000000000)
 - field type annotations:  Array<T>(0x0000000000000000)
 - generic signature: '<T:Ljava/lang/Object;>Ljava/lang/ref/Reference<TT;>;'
 - inner classes:     Array<T>(0x00000008005af1a8)
 - nest members:     Array<T>(0x00000008005af1a8)
 - permitted subclasses:     Array<T>(0x00000008005af1a8)
 - java mirror:       a 'java/lang/Class'{0x0000000086ba6ed0} = 'java/lang/ref/SoftReference'
 - vtable length      12  (start addr: 0x0000000800051d68)
 - itable length      2 (start addr: 0x0000000800051dc8)
 - ---- static fields (1 words):
 - private static 'clock' 'J' @112 
 - ---- non-static fields (7 words):
 - private 'referent' 'Ljava/lang/Object;' @12 
 - volatile 'queue' 'Ljava/lang/ref/ReferenceQueue;' @16 
 - volatile 'next' 'Ljava/lang/ref/Reference;' @20 
 - private transient 'discovered' 'Ljava/lang/ref/Reference;' @24 
 - private 'timestamp' 'J' @32 
 - non-static oop maps: 16-20 
stack at sp + 6 slots: 0x00007ffbfcc2fe61 jvm.dll
stack at sp + 7 slots: 0x0000000000000005 is an unknown value


---------------  P R O C E S S  ---------------

Threads class SMR info:
_java_thread_list=0x00000267f0435ce0, length=21, elements={
0x00000267ee6c2490, 0x00000267ee6c3100, 0x00000267ee6d6d90, 0x00000267ee6d7740,
0x00000267ee6d80f0, 0x00000267ee6d8aa0, 0x00000267ee6d9830, 0x00000267ee744920,
0x00000267ee7476d0, 0x00000267ee6ad0f0, 0x00000267ef260c30, 0x00000267ef26b570,
0x00000267ef4172e0, 0x00000267ef426c50, 0x00000267ef429c70, 0x00000267ef427f90,
0x00000267ef42a140, 0x00000267ef426780, 0x00000267ef427120, 0x00000267ef4297a0,
0x00000267ef4275f0
}

Java Threads: ( => current thread )
  0x00000267ee6c2490 JavaThread "Reference Handler" daemon [_thread_blocked, id=5448, stack(0x000000bf18800000,0x000000bf18900000)]
  0x00000267ee6c3100 JavaThread "Finalizer" daemon [_thread_blocked, id=9420, stack(0x000000bf18900000,0x000000bf18a00000)]
  0x00000267ee6d6d90 JavaThread "Signal Dispatcher" daemon [_thread_blocked, id=12216, stack(0x000000bf18a00000,0x000000bf18b00000)]
  0x00000267ee6d7740 JavaThread "Attach Listener" daemon [_thread_blocked, id=1620, stack(0x000000bf18b00000,0x000000bf18c00000)]
  0x00000267ee6d80f0 JavaThread "Service Thread" daemon [_thread_blocked, id=15316, stack(0x000000bf18c00000,0x000000bf18d00000)]
  0x00000267ee6d8aa0 JavaThread "Monitor Deflation Thread" daemon [_thread_blocked, id=4236, stack(0x000000bf18d00000,0x000000bf18e00000)]
  0x00000267ee6d9830 JavaThread "C2 CompilerThread0" daemon [_thread_blocked, id=16808, stack(0x000000bf18e00000,0x000000bf18f00000)]
  0x00000267ee744920 JavaThread "C1 CompilerThread0" daemon [_thread_blocked, id=8120, stack(0x000000bf18f00000,0x000000bf19000000)]
  0x00000267ee7476d0 JavaThread "Sweeper thread" daemon [_thread_blocked, id=11500, stack(0x000000bf19000000,0x000000bf19100000)]
  0x00000267ee6ad0f0 JavaThread "Common-Cleaner" daemon [_thread_blocked, id=17020, stack(0x000000bf19100000,0x000000bf19200000)]
  0x00000267ef260c30 JavaThread "Monitor Ctrl-Break" daemon [_thread_in_native, id=15816, stack(0x000000bf19200000,0x000000bf19300000)]
  0x00000267ef26b570 JavaThread "Notification Thread" daemon [_thread_blocked, id=10876, stack(0x000000bf19300000,0x000000bf19400000)]
  0x00000267ef4172e0 JavaThread "Java2D Disposer" daemon [_thread_blocked, id=13896, stack(0x000000bf19500000,0x000000bf19600000)]
  0x00000267ef426c50 JavaThread "AWT-Windows" daemon [_thread_in_native, id=16900, stack(0x000000bf19700000,0x000000bf19800000)]
  0x00000267ef429c70 JavaThread "AWT-Shutdown" [_thread_blocked, id=2140, stack(0x000000bf19600000,0x000000bf19700000)]
  0x00000267ef427f90 JavaThread "AWT-EventQueue-0" [_thread_blocked, id=5684, stack(0x000000bf19c00000,0x000000bf19d00000)]
  0x00000267ef42a140 JavaThread "DestroyJavaVM" [_thread_blocked, id=12668, stack(0x000000bf18100000,0x000000bf18200000)]
  0x00000267ef426780 JavaThread "TimerQueue" daemon [_thread_blocked, id=13700, stack(0x000000bf1a000000,0x000000bf1a100000)]
  0x00000267ef427120 JavaThread "mysql-cj-abandoned-connection-cleanup" daemon [_thread_blocked, id=17112, stack(0x000000bf19800000,0x000000bf19900000)]
  0x00000267ef4297a0 JavaThread "Image Fetcher 0" daemon [_thread_blocked, id=11992, stack(0x000000bf1a100000,0x000000bf1a200000)]
  0x00000267ef4275f0 JavaThread "Image Fetcher 1" daemon [_thread_blocked, id=12184, stack(0x000000bf1a200000,0x000000bf1a300000)]

Other Threads:
  0x00000267ee6b8510 VMThread "VM Thread" [stack: 0x000000bf18700000,0x000000bf18800000] [id=14256]
  0x00000267ef26da50 WatcherThread [stack: 0x000000bf19400000,0x000000bf19500000] [id=16980]
  0x00000267d112abe0 GCTaskThread "GC Thread#0" [stack: 0x000000bf18200000,0x000000bf18300000] [id=872]
  0x00000267ef4d41c0 GCTaskThread "GC Thread#1" [stack: 0x000000bf19900000,0x000000bf19a00000] [id=13288]
  0x00000267ef48e080 GCTaskThread "GC Thread#2" [stack: 0x000000bf19a00000,0x000000bf19b00000] [id=11716]
  0x00000267ef4fd020 GCTaskThread "GC Thread#3" [stack: 0x000000bf19b00000,0x000000bf19c00000] [id=13420]
  0x00000267d113b1e0 ConcurrentGCThread "G1 Main Marker" [stack: 0x000000bf18300000,0x000000bf18400000] [id=9656]
=>0x00000267d113cc00 ConcurrentGCThread "G1 Conc#0" [stack: 0x000000bf18400000,0x000000bf18500000] [id=13580]
  0x00000267d11a22c0 ConcurrentGCThread "G1 Refine#0" [stack: 0x000000bf18500000,0x000000bf18600000] [id=11160]
  0x00000267d11a2ce0 ConcurrentGCThread "G1 Service" [stack: 0x000000bf18600000,0x000000bf18700000] [id=9376]

Threads with active compile tasks:

VM state: not at safepoint (normal execution)

VM Mutex/Monitor currently owned by a thread: None

Heap address: 0x0000000084a00000, size: 1974 MB, Compressed Oops mode: 32-bit

CDS archive(s) mapped at: [0x0000000800000000-0x0000000800bc0000-0x0000000800bc0000), size 12320768, SharedBaseAddress: 0x0000000800000000, ArchiveRelocationMode: 0.
Compressed class space mapped at: 0x0000000800c00000-0x0000000840c00000, reserved size: 1073741824
Narrow klass base: 0x0000000800000000, Narrow klass shift: 0, Narrow klass range: 0x100000000

GC Precious Log:
 CPUs: 4 total, 4 available
 Memory: 7888M
 Large Page Support: Disabled
 NUMA Support: Disabled
 Compressed Oops: Enabled (32-bit)
 Heap Region Size: 1M
 Heap Min Capacity: 8M
 Heap Initial Capacity: 124M
 Heap Max Capacity: 1974M
 Pre-touch: Disabled
 Parallel Workers: 4
 Concurrent Workers: 1
 Concurrent Refinement Workers: 4
 Periodic GC: Disabled

Heap:
 garbage-first heap   total 126976K, used 66057K [0x0000000084a00000, 0x0000000100000000)
  region size 1024K, 5 young (5120K), 3 survivors (3072K)
 Metaspace       used 17982K, committed 18304K, reserved 1064960K
  class space    used 2027K, committed 2176K, reserved 1048576K

Heap Regions: E=young(eden), S=young(survivor), O=old, HS=humongous(starts), HC=humongous(continues), CS=collection set, F=free, OA=open archive, CA=closed archive, TAMS=top-at-mark-start (previous, next)
|   0|0x0000000084a00000, 0x0000000084b00000, 0x0000000084b00000|100%|HS|  |TAMS 0x0000000084a00000, 0x0000000084b00000| Complete 
|   1|0x0000000084b00000, 0x0000000084c00000, 0x0000000084c00000|100%|HC|  |TAMS 0x0000000084b00000, 0x0000000084c00000| Complete 
|   2|0x0000000084c00000, 0x0000000084d00000, 0x0000000084d00000|100%|HC|  |TAMS 0x0000000084c00000, 0x0000000084d00000| Complete 
|   3|0x0000000084d00000, 0x0000000084e00000, 0x0000000084e00000|100%|HC|  |TAMS 0x0000000084d00000, 0x0000000084e00000| Complete 
|   4|0x0000000084e00000, 0x0000000084f00000, 0x0000000084f00000|100%|HC|  |TAMS 0x0000000084e00000, 0x0000000084f00000| Complete 
|   5|0x0000000084f00000, 0x0000000085000000, 0x0000000085000000|100%|HC|  |TAMS 0x0000000084f00000, 0x0000000085000000| Complete 
|   6|0x0000000085000000, 0x0000000085100000, 0x0000000085100000|100%|HC|  |TAMS 0x0000000085000000, 0x0000000085100000| Complete 
|   7|0x0000000085100000, 0x0000000085200000, 0x0000000085200000|100%|HC|  |TAMS 0x0000000085100000, 0x0000000085200000| Complete 
|   8|0x0000000085200000, 0x0000000085300000, 0x0000000085300000|100%|HC|  |TAMS 0x0000000085200000, 0x0000000085300000| Complete 
|   9|0x0000000085300000, 0x0000000085400000, 0x0000000085400000|100%|HC|  |TAMS 0x0000000085300000, 0x0000000085400000| Complete 
|  10|0x0000000085400000, 0x0000000085500000, 0x0000000085500000|100%|HC|  |TAMS 0x0000000085400000, 0x0000000085500000| Complete 
|  11|0x0000000085500000, 0x0000000085600000, 0x0000000085600000|100%|HC|  |TAMS 0x0000000085500000, 0x0000000085600000| Complete 
|  12|0x0000000085600000, 0x0000000085700000, 0x0000000085700000|100%|HC|  |TAMS 0x0000000085600000, 0x0000000085700000| Complete 
|  13|0x0000000085700000, 0x0000000085800000, 0x0000000085800000|100%|HC|  |TAMS 0x0000000085700000, 0x0000000085800000| Complete 
|  14|0x0000000085800000, 0x0000000085900000, 0x0000000085900000|100%|HC|  |TAMS 0x0000000085800000, 0x0000000085900000| Complete 
|  15|0x0000000085900000, 0x0000000085a00000, 0x0000000085a00000|100%|HC|  |TAMS 0x0000000085900000, 0x0000000085a00000| Complete 
|  16|0x0000000085a00000, 0x0000000085b00000, 0x0000000085b00000|100%|HC|  |TAMS 0x0000000085a00000, 0x0000000085b00000| Complete 
|  17|0x0000000085b00000, 0x0000000085c00000, 0x0000000085c00000|100%|HC|  |TAMS 0x0000000085b00000, 0x0000000085c00000| Complete 
|  18|0x0000000085c00000, 0x0000000085d00000, 0x0000000085d00000|100%|HC|  |TAMS 0x0000000085c00000, 0x0000000085d00000| Complete 
|  19|0x0000000085d00000, 0x0000000085e00000, 0x0000000085e00000|100%|HC|  |TAMS 0x0000000085d00000, 0x0000000085e00000| Complete 
|  20|0x0000000085e00000, 0x0000000085f00000, 0x0000000085f00000|100%|HC|  |TAMS 0x0000000085e00000, 0x0000000085f00000| Complete 
|  21|0x0000000085f00000, 0x0000000086000000, 0x0000000086000000|100%|HC|  |TAMS 0x0000000085f00000, 0x0000000086000000| Complete 
|  22|0x0000000086000000, 0x0000000086100000, 0x0000000086100000|100%|HC|  |TAMS 0x0000000086000000, 0x0000000086100000| Complete 
|  23|0x0000000086100000, 0x0000000086200000, 0x0000000086200000|100%|HC|  |TAMS 0x0000000086100000, 0x0000000086200000| Complete 
|  24|0x0000000086200000, 0x0000000086300000, 0x0000000086300000|100%|HC|  |TAMS 0x0000000086200000, 0x0000000086300000| Complete 
|  25|0x0000000086300000, 0x0000000086400000, 0x0000000086400000|100%|HC|  |TAMS 0x0000000086300000, 0x0000000086400000| Complete 
|  26|0x0000000086400000, 0x0000000086500000, 0x0000000086500000|100%|HC|  |TAMS 0x0000000086400000, 0x0000000086500000| Complete 
|  27|0x0000000086500000, 0x0000000086600000, 0x0000000086600000|100%|HC|  |TAMS 0x0000000086500000, 0x0000000086600000| Complete 
|  28|0x0000000086600000, 0x0000000086700000, 0x0000000086700000|100%|HC|  |TAMS 0x0000000086600000, 0x0000000086700000| Complete 
|  29|0x0000000086700000, 0x0000000086800000, 0x0000000086800000|100%|HC|  |TAMS 0x0000000086700000, 0x0000000086800000| Complete 
|  30|0x0000000086800000, 0x0000000086900000, 0x0000000086900000|100%|HC|  |TAMS 0x0000000086800000, 0x0000000086900000| Complete 
|  31|0x0000000086900000, 0x0000000086a00000, 0x0000000086a00000|100%|HC|  |TAMS 0x0000000086900000, 0x0000000086a00000| Complete 
|  32|0x0000000086a00000, 0x0000000086b00000, 0x0000000086b00000|100%| O|  |TAMS 0x0000000086a00000, 0x0000000086b00000| Untracked 
|  33|0x0000000086b00000, 0x0000000086c00000, 0x0000000086c00000|100%| O|  |TAMS 0x0000000086b00000, 0x0000000086c00000| Untracked 
|  34|0x0000000086c00000, 0x0000000086cb4000, 0x0000000086d00000| 70%| O|  |TAMS 0x0000000086c00000, 0x0000000086cb4000| Untracked 
|  35|0x0000000086d00000, 0x0000000086e00000, 0x0000000086e00000|100%|HS|  |TAMS 0x0000000086d00000, 0x0000000086e00000| Complete 
|  36|0x0000000086e00000, 0x0000000086f00000, 0x0000000086f00000|100%|HC|  |TAMS 0x0000000086e00000, 0x0000000086f00000| Complete 
|  37|0x0000000086f00000, 0x0000000087000000, 0x0000000087000000|100%|HS|  |TAMS 0x0000000086f00000, 0x0000000087000000| Complete 
|  38|0x0000000087000000, 0x0000000087100000, 0x0000000087100000|100%|HC|  |TAMS 0x0000000087000000, 0x0000000087100000| Complete 
|  39|0x0000000087100000, 0x0000000087200000, 0x0000000087200000|100%|HS|  |TAMS 0x0000000087100000, 0x0000000087200000| Complete 
|  40|0x0000000087200000, 0x0000000087300000, 0x0000000087300000|100%|HC|  |TAMS 0x0000000087200000, 0x0000000087300000| Complete 
|  41|0x0000000087300000, 0x0000000087400000, 0x0000000087400000|100%|HC|  |TAMS 0x0000000087300000, 0x0000000087400000| Complete 
|  42|0x0000000087400000, 0x0000000087500000, 0x0000000087500000|100%|HC|  |TAMS 0x0000000087400000, 0x0000000087500000| Complete 
|  43|0x0000000087500000, 0x0000000087600000, 0x0000000087600000|100%|HC|  |TAMS 0x0000000087500000, 0x0000000087600000| Complete 
|  44|0x0000000087600000, 0x0000000087700000, 0x0000000087700000|100%|HC|  |TAMS 0x0000000087600000, 0x0000000087700000| Complete 
|  45|0x0000000087700000, 0x0000000087800000, 0x0000000087800000|100%|HC|  |TAMS 0x0000000087700000, 0x0000000087800000| Complete 
|  46|0x0000000087800000, 0x0000000087900000, 0x0000000087900000|100%|HS|  |TAMS 0x0000000087800000, 0x0000000087900000| Complete 
|  47|0x0000000087900000, 0x0000000087a00000, 0x0000000087a00000|100%|HC|  |TAMS 0x0000000087900000, 0x0000000087a00000| Complete 
|  48|0x0000000087a00000, 0x0000000087b00000, 0x0000000087b00000|100%|HC|  |TAMS 0x0000000087a00000, 0x0000000087b00000| Complete 
|  49|0x0000000087b00000, 0x0000000087c00000, 0x0000000087c00000|100%|HC|  |TAMS 0x0000000087b00000, 0x0000000087c00000| Complete 
|  50|0x0000000087c00000, 0x0000000087d00000, 0x0000000087d00000|100%|HC|  |TAMS 0x0000000087c00000, 0x0000000087d00000| Complete 
|  51|0x0000000087d00000, 0x0000000087e00000, 0x0000000087e00000|100%|HC|  |TAMS 0x0000000087d00000, 0x0000000087e00000| Complete 
|  52|0x0000000087e00000, 0x0000000087f00000, 0x0000000087f00000|100%|HC|  |TAMS 0x0000000087e00000, 0x0000000087f00000| Complete 
|  53|0x0000000087f00000, 0x0000000088000000, 0x0000000088000000|100%|HC|  |TAMS 0x0000000087f00000, 0x0000000088000000| Complete 
|  54|0x0000000088000000, 0x0000000088100000, 0x0000000088100000|100%|HC|  |TAMS 0x0000000088000000, 0x0000000088100000| Complete 
|  55|0x0000000088100000, 0x0000000088200000, 0x0000000088200000|100%|HC|  |TAMS 0x0000000088100000, 0x0000000088200000| Complete 
|  56|0x0000000088200000, 0x0000000088300000, 0x0000000088300000|100%|HS|  |TAMS 0x0000000088200000, 0x0000000088200000| Complete 
|  57|0x0000000088300000, 0x0000000088400000, 0x0000000088400000|100%|HC|  |TAMS 0x0000000088300000, 0x0000000088300000| Complete 
|  58|0x0000000088400000, 0x0000000088500000, 0x0000000088500000|100%|HC|  |TAMS 0x0000000088400000, 0x0000000088400000| Complete 
|  59|0x0000000088500000, 0x0000000088600000, 0x0000000088600000|100%|HC|  |TAMS 0x0000000088500000, 0x0000000088500000| Complete 
|  60|0x0000000088600000, 0x0000000088700000, 0x0000000088700000|100%|HC|  |TAMS 0x0000000088600000, 0x0000000088600000| Complete 
|  61|0x0000000088700000, 0x0000000088700000, 0x0000000088800000|  0%| F|  |TAMS 0x0000000088700000, 0x0000000088700000| Untracked 
|  62|0x0000000088800000, 0x0000000088800000, 0x0000000088900000|  0%| F|  |TAMS 0x0000000088800000, 0x0000000088800000| Untracked 
|  63|0x0000000088900000, 0x0000000088900000, 0x0000000088a00000|  0%| F|  |TAMS 0x0000000088900000, 0x0000000088900000| Untracked 
|  64|0x0000000088a00000, 0x0000000088a00000, 0x0000000088b00000|  0%| F|  |TAMS 0x0000000088a00000, 0x0000000088a00000| Untracked 
|  65|0x0000000088b00000, 0x0000000088b00000, 0x0000000088c00000|  0%| F|  |TAMS 0x0000000088b00000, 0x0000000088b00000| Untracked 
|  66|0x0000000088c00000, 0x0000000088c00000, 0x0000000088d00000|  0%| F|  |TAMS 0x0000000088c00000, 0x0000000088c00000| Untracked 
|  67|0x0000000088d00000, 0x0000000088d00000, 0x0000000088e00000|  0%| F|  |TAMS 0x0000000088d00000, 0x0000000088d00000| Untracked 
|  68|0x0000000088e00000, 0x0000000088e00000, 0x0000000088f00000|  0%| F|  |TAMS 0x0000000088e00000, 0x0000000088e00000| Untracked 
|  69|0x0000000088f00000, 0x0000000088f00000, 0x0000000089000000|  0%| F|  |TAMS 0x0000000088f00000, 0x0000000088f00000| Untracked 
|  70|0x0000000089000000, 0x00000000890ce710, 0x0000000089100000| 80%| S|CS|TAMS 0x0000000089000000, 0x0000000089000000| Complete 
|  71|0x0000000089100000, 0x0000000089200000, 0x0000000089200000|100%| S|CS|TAMS 0x0000000089100000, 0x0000000089100000| Complete 
|  72|0x0000000089200000, 0x0000000089300000, 0x0000000089300000|100%| S|CS|TAMS 0x0000000089200000, 0x0000000089200000| Complete 
|  73|0x0000000089300000, 0x0000000089300000, 0x0000000089400000|  0%| F|  |TAMS 0x0000000089300000, 0x0000000089300000| Untracked 
|  74|0x0000000089400000, 0x0000000089400000, 0x0000000089500000|  0%| F|  |TAMS 0x0000000089400000, 0x0000000089400000| Untracked 
|  75|0x0000000089500000, 0x0000000089500000, 0x0000000089600000|  0%| F|  |TAMS 0x0000000089500000, 0x0000000089500000| Untracked 
|  76|0x0000000089600000, 0x0000000089600000, 0x0000000089700000|  0%| F|  |TAMS 0x0000000089600000, 0x0000000089600000| Untracked 
|  77|0x0000000089700000, 0x0000000089700000, 0x0000000089800000|  0%| F|  |TAMS 0x0000000089700000, 0x0000000089700000| Untracked 
|  78|0x0000000089800000, 0x0000000089800000, 0x0000000089900000|  0%| F|  |TAMS 0x0000000089800000, 0x0000000089800000| Untracked 
|  79|0x0000000089900000, 0x0000000089900000, 0x0000000089a00000|  0%| F|  |TAMS 0x0000000089900000, 0x0000000089900000| Untracked 
|  80|0x0000000089a00000, 0x0000000089a00000, 0x0000000089b00000|  0%| F|  |TAMS 0x0000000089a00000, 0x0000000089a00000| Untracked 
|  81|0x0000000089b00000, 0x0000000089b00000, 0x0000000089c00000|  0%| F|  |TAMS 0x0000000089b00000, 0x0000000089b00000| Untracked 
|  82|0x0000000089c00000, 0x0000000089c00000, 0x0000000089d00000|  0%| F|  |TAMS 0x0000000089c00000, 0x0000000089c00000| Untracked 
|  83|0x0000000089d00000, 0x0000000089d00000, 0x0000000089e00000|  0%| F|  |TAMS 0x0000000089d00000, 0x0000000089d00000| Untracked 
|  84|0x0000000089e00000, 0x0000000089e00000, 0x0000000089f00000|  0%| F|  |TAMS 0x0000000089e00000, 0x0000000089e00000| Untracked 
|  85|0x0000000089f00000, 0x0000000089f00000, 0x000000008a000000|  0%| F|  |TAMS 0x0000000089f00000, 0x0000000089f00000| Untracked 
|  86|0x000000008a000000, 0x000000008a000000, 0x000000008a100000|  0%| F|  |TAMS 0x000000008a000000, 0x000000008a000000| Untracked 
|  87|0x000000008a100000, 0x000000008a100000, 0x000000008a200000|  0%| F|  |TAMS 0x000000008a100000, 0x000000008a100000| Untracked 
|  88|0x000000008a200000, 0x000000008a200000, 0x000000008a300000|  0%| F|  |TAMS 0x000000008a200000, 0x000000008a200000| Untracked 
|  89|0x000000008a300000, 0x000000008a300000, 0x000000008a400000|  0%| F|  |TAMS 0x000000008a300000, 0x000000008a300000| Untracked 
|  90|0x000000008a400000, 0x000000008a400000, 0x000000008a500000|  0%| F|  |TAMS 0x000000008a400000, 0x000000008a400000| Untracked 
|  91|0x000000008a500000, 0x000000008a500000, 0x000000008a600000|  0%| F|  |TAMS 0x000000008a500000, 0x000000008a500000| Untracked 
|  92|0x000000008a600000, 0x000000008a600000, 0x000000008a700000|  0%| F|  |TAMS 0x000000008a600000, 0x000000008a600000| Untracked 
|  93|0x000000008a700000, 0x000000008a700000, 0x000000008a800000|  0%| F|  |TAMS 0x000000008a700000, 0x000000008a700000| Untracked 
|  94|0x000000008a800000, 0x000000008a800000, 0x000000008a900000|  0%| F|  |TAMS 0x000000008a800000, 0x000000008a800000| Untracked 
|  95|0x000000008a900000, 0x000000008a900000, 0x000000008aa00000|  0%| F|  |TAMS 0x000000008a900000, 0x000000008a900000| Untracked 
|  96|0x000000008aa00000, 0x000000008aa00000, 0x000000008ab00000|  0%| F|  |TAMS 0x000000008aa00000, 0x000000008aa00000| Untracked 
|  97|0x000000008ab00000, 0x000000008ab00000, 0x000000008ac00000|  0%| F|  |TAMS 0x000000008ab00000, 0x000000008ab00000| Untracked 
|  98|0x000000008ac00000, 0x000000008ac00000, 0x000000008ad00000|  0%| F|  |TAMS 0x000000008ac00000, 0x000000008ac00000| Untracked 
|  99|0x000000008ad00000, 0x000000008ad00000, 0x000000008ae00000|  0%| F|  |TAMS 0x000000008ad00000, 0x000000008ad00000| Untracked 
| 100|0x000000008ae00000, 0x000000008ae00000, 0x000000008af00000|  0%| F|  |TAMS 0x000000008ae00000, 0x000000008ae00000| Untracked 
| 101|0x000000008af00000, 0x000000008af00000, 0x000000008b000000|  0%| F|  |TAMS 0x000000008af00000, 0x000000008af00000| Untracked 
| 102|0x000000008b000000, 0x000000008b000000, 0x000000008b100000|  0%| F|  |TAMS 0x000000008b000000, 0x000000008b000000| Untracked 
| 103|0x000000008b100000, 0x000000008b100000, 0x000000008b200000|  0%| F|  |TAMS 0x000000008b100000, 0x000000008b100000| Untracked 
| 104|0x000000008b200000, 0x000000008b200000, 0x000000008b300000|  0%| F|  |TAMS 0x000000008b200000, 0x000000008b200000| Untracked 
| 105|0x000000008b300000, 0x000000008b300000, 0x000000008b400000|  0%| F|  |TAMS 0x000000008b300000, 0x000000008b300000| Untracked 
| 106|0x000000008b400000, 0x000000008b400000, 0x000000008b500000|  0%| F|  |TAMS 0x000000008b400000, 0x000000008b400000| Untracked 
| 107|0x000000008b500000, 0x000000008b500000, 0x000000008b600000|  0%| F|  |TAMS 0x000000008b500000, 0x000000008b500000| Untracked 
| 108|0x000000008b600000, 0x000000008b600000, 0x000000008b700000|  0%| F|  |TAMS 0x000000008b600000, 0x000000008b600000| Untracked 
| 109|0x000000008b700000, 0x000000008b700000, 0x000000008b800000|  0%| F|  |TAMS 0x000000008b700000, 0x000000008b700000| Untracked 
| 110|0x000000008b800000, 0x000000008b800000, 0x000000008b900000|  0%| F|  |TAMS 0x000000008b800000, 0x000000008b800000| Untracked 
| 111|0x000000008b900000, 0x000000008b900000, 0x000000008ba00000|  0%| F|  |TAMS 0x000000008b900000, 0x000000008b900000| Untracked 
| 112|0x000000008ba00000, 0x000000008ba00000, 0x000000008bb00000|  0%| F|  |TAMS 0x000000008ba00000, 0x000000008ba00000| Untracked 
| 113|0x000000008bb00000, 0x000000008bb00000, 0x000000008bc00000|  0%| F|  |TAMS 0x000000008bb00000, 0x000000008bb00000| Untracked 
| 114|0x000000008bc00000, 0x000000008bc00000, 0x000000008bd00000|  0%| F|  |TAMS 0x000000008bc00000, 0x000000008bc00000| Untracked 
| 115|0x000000008bd00000, 0x000000008bd00000, 0x000000008be00000|  0%| F|  |TAMS 0x000000008bd00000, 0x000000008bd00000| Untracked 
| 116|0x000000008be00000, 0x000000008be00000, 0x000000008bf00000|  0%| F|  |TAMS 0x000000008be00000, 0x000000008be00000| Untracked 
| 117|0x000000008bf00000, 0x000000008bf00000, 0x000000008c000000|  0%| F|  |TAMS 0x000000008bf00000, 0x000000008bf00000| Untracked 
| 118|0x000000008c000000, 0x000000008c000000, 0x000000008c100000|  0%| F|  |TAMS 0x000000008c000000, 0x000000008c000000| Untracked 
| 119|0x000000008c100000, 0x000000008c100000, 0x000000008c200000|  0%| F|  |TAMS 0x000000008c100000, 0x000000008c100000| Untracked 
| 120|0x000000008c200000, 0x000000008c200000, 0x000000008c300000|  0%| F|  |TAMS 0x000000008c200000, 0x000000008c200000| Untracked 
| 121|0x000000008c300000, 0x000000008c300000, 0x000000008c400000|  0%| F|  |TAMS 0x000000008c300000, 0x000000008c300000| Untracked 
| 122|0x000000008c400000, 0x000000008c43ac20, 0x000000008c500000| 22%| E|  |TAMS 0x000000008c400000, 0x000000008c400000| Complete 
| 123|0x000000008c500000, 0x000000008c600000, 0x000000008c600000|100%| E|CS|TAMS 0x000000008c500000, 0x000000008c500000| Complete 

Card table byte_map: [0x00000267e7ce0000,0x00000267e80c0000] _byte_map_base: 0x00000267e78bb000

Marking Bits (Prev, Next): (CMBitMap*) 0x00000267d112b1f0, (CMBitMap*) 0x00000267d112b230
 Prev Bits: [0x00000267e84a0000, 0x00000267ea378000)
 Next Bits: [0x00000267ea380000, 0x00000267ec258000)

Polling page: 0x00000267cef10000

Metaspace:

Usage:
  Non-class:     15.58 MB used.
      Class:      1.98 MB used.
       Both:     17.56 MB used.

Virtual space:
  Non-class space:       16.00 MB reserved,      15.75 MB ( 98%) committed,  2 nodes.
      Class space:        1.00 GB reserved,       2.12 MB ( <1%) committed,  1 nodes.
             Both:        1.02 GB reserved,      17.88 MB (  2%) committed. 

Chunk freelists:
   Non-Class:  126.00 KB
       Class:  1.75 MB
        Both:  1.87 MB

MaxMetaspaceSize: unlimited
CompressedClassSpaceSize: 1.00 GB
Initial GC threshold: 21.00 MB
Current GC threshold: 21.00 MB
CDS: on
MetaspaceReclaimPolicy: balanced
 - commit_granule_bytes: 65536.
 - commit_granule_words: 8192.
 - virtual_space_node_default_size: 1048576.
 - enlarge_chunks_in_place: 1.
 - new_chunks_are_fully_committed: 0.
 - uncommit_free_chunks: 1.
 - use_allocation_guard: 0.
 - handle_deallocations: 1.


Internal statistics:

num_allocs_failed_limit: 0.
num_arena_births: 158.
num_arena_deaths: 0.
num_vsnodes_births: 3.
num_vsnodes_deaths: 0.
num_space_committed: 286.
num_space_uncommitted: 0.
num_chunks_returned_to_freelist: 0.
num_chunks_taken_from_freelist: 371.
num_chunk_merges: 0.
num_chunk_splits: 213.
num_chunks_enlarged: 118.
num_purges: 0.
num_inconsistent_stats: 0.

CodeHeap 'non-profiled nmethods': size=120000Kb used=661Kb max_used=661Kb free=119338Kb
 bounds [0x00000267e03d0000, 0x00000267e0640000, 0x00000267e7900000]
CodeHeap 'profiled nmethods': size=120000Kb used=3789Kb max_used=3789Kb free=116210Kb
 bounds [0x00000267d8ea0000, 0x00000267d9260000, 0x00000267e03d0000]
CodeHeap 'non-nmethods': size=5760Kb used=1366Kb max_used=1380Kb free=4393Kb
 bounds [0x00000267d8900000, 0x00000267d8b70000, 0x00000267d8ea0000]
 total_blobs=2775 nmethods=2067 adapters=620
 compilation: enabled
              stopped_count=0, restarted_count=0
 full_count=0

Compilation events (20 events):
Event: 14.150 Thread 0x00000267ee744920 nmethod 2037 0x00000267d9245c90 code [0x00000267d9245e20, 0x00000267d9245f58]
Event: 14.151 Thread 0x00000267ee744920 2038       3       java.util.ArrayList::isEmpty (13 bytes)
Event: 14.151 Thread 0x00000267ee744920 nmethod 2038 0x00000267d9246010 code [0x00000267d92461a0, 0x00000267d9246318]
Event: 14.151 Thread 0x00000267ee744920 2039       3       java.awt.Component::dispatchEvent (6 bytes)
Event: 14.151 Thread 0x00000267ee744920 nmethod 2039 0x00000267d9246390 code [0x00000267d9246540, 0x00000267d9246708]
Event: 14.151 Thread 0x00000267ee744920 2040   !   3       java.awt.Container::dispatchEventImpl (129 bytes)
Event: 14.151 Thread 0x00000267ee6d9830 2042       4       java.lang.Object::equals (11 bytes)
Event: 14.152 Thread 0x00000267ee6d9830 nmethod 2042 0x00000267e0473810 code [0x00000267e0473980, 0x00000267e0473a18]
Event: 14.152 Thread 0x00000267ee744920 nmethod 2040 0x00000267d9246790 code [0x00000267d92469c0, 0x00000267d92472f8]
Event: 14.152 Thread 0x00000267ee744920 2043       3       java.util.LinkedList$ListItr::hasPrevious (13 bytes)
Event: 14.152 Thread 0x00000267ee744920 nmethod 2043 0x00000267d9247610 code [0x00000267d92477a0, 0x00000267d9247918]
Event: 14.152 Thread 0x00000267ee744920 2041       3       java.awt.Toolkit::getEventQueue (7 bytes)
Event: 14.153 Thread 0x00000267ee744920 nmethod 2041 0x00000267d9247990 code [0x00000267d9247b80, 0x00000267d9247fa8]
Event: 14.161 Thread 0x00000267ee744920 2044   !   3       java.lang.ref.ReferenceQueue::remove (125 bytes)
Event: 14.162 Thread 0x00000267ee744920 nmethod 2044 0x00000267d9248190 code [0x00000267d92483a0, 0x00000267d9248b38]
Event: 14.162 Thread 0x00000267ee744920 2045   !   3       jdk.internal.ref.PhantomCleanable::isListEmpty (34 bytes)
Event: 14.162 Thread 0x00000267ee744920 nmethod 2045 0x00000267d9248e90 code [0x00000267d9249020, 0x00000267d9249278]
Event: 14.162 Thread 0x00000267ee744920 2046       3       jdk.internal.misc.InnocuousThread::eraseThreadLocals (23 bytes)
Event: 14.162 Thread 0x00000267ee744920 nmethod 2046 0x00000267d9249390 code [0x00000267d9249520, 0x00000267d9249718]
Event: 14.714 Thread 0x00000267ee744920 2047       3       java.lang.ThreadLocal$ThreadLocalMap::getEntry (42 bytes)

GC Heap History (6 events):
Event: 2.127 GC heap before
{Heap before GC invocations=0 (full 0):
 garbage-first heap   total 126976K, used 46080K [0x0000000084a00000, 0x0000000100000000)
  region size 1024K, 13 young (13312K), 0 survivors (0K)
 Metaspace       used 5190K, committed 5376K, reserved 1056768K
  class space    used 538K, committed 640K, reserved 1048576K
}
Event: 2.140 GC heap after
{Heap after GC invocations=1 (full 0):
 garbage-first heap   total 126976K, used 35488K [0x0000000084a00000, 0x0000000100000000)
  region size 1024K, 2 young (2048K), 2 survivors (2048K)
 Metaspace       used 5190K, committed 5376K, reserved 1056768K
  class space    used 538K, committed 640K, reserved 1048576K
}
Event: 2.369 GC heap before
{Heap before GC invocations=1 (full 0):
 garbage-first heap   total 126976K, used 49824K [0x0000000084a00000, 0x0000000100000000)
  region size 1024K, 17 young (17408K), 2 survivors (2048K)
 Metaspace       used 5194K, committed 5376K, reserved 1056768K
  class space    used 538K, committed 640K, reserved 1048576K
}
Event: 2.373 GC heap after
{Heap after GC invocations=2 (full 0):
 garbage-first heap   total 126976K, used 35780K [0x0000000084a00000, 0x0000000100000000)
  region size 1024K, 1 young (1024K), 1 survivors (1024K)
 Metaspace       used 5194K, committed 5376K, reserved 1056768K
  class space    used 538K, committed 640K, reserved 1048576K
}
Event: 14.155 GC heap before
{Heap before GC invocations=2 (full 0):
 garbage-first heap   total 126976K, used 106436K [0x0000000084a00000, 0x0000000100000000)
  region size 1024K, 51 young (52224K), 1 survivors (1024K)
 Metaspace       used 17870K, committed 18176K, reserved 1064960K
  class space    used 2016K, committed 2176K, reserved 1048576K
}
Event: 14.161 GC heap after
{Heap after GC invocations=3 (full 0):
 garbage-first heap   total 126976K, used 59913K [0x0000000084a00000, 0x0000000100000000)
  region size 1024K, 3 young (3072K), 3 survivors (3072K)
 Metaspace       used 17870K, committed 18176K, reserved 1064960K
  class space    used 2016K, committed 2176K, reserved 1048576K
}

Deoptimization events (20 events):
Event: 13.633 Thread 0x00000267ef427f90 Uncommon trap: trap_request=0xffffffde fr.pc=0x00000267e0452fbc relative=0x000000000000099c
Event: 13.633 Thread 0x00000267ef427f90 Uncommon trap: reason=class_check action=maybe_recompile pc=0x00000267e0452fbc method=java.util.HashMap.putVal(ILjava/lang/Object;Ljava/lang/Object;ZZ)Ljava/lang/Object; @ 253 c2
Event: 13.633 Thread 0x00000267ef427f90 DEOPT PACKING pc=0x00000267e0452fbc sp=0x000000bf19cfd3b0
Event: 13.633 Thread 0x00000267ef427f90 DEOPT UNPACKING pc=0x00000267d89523a3 sp=0x000000bf19cfd350 mode 2
Event: 13.634 Thread 0x00000267ef427f90 Uncommon trap: trap_request=0xffffffde fr.pc=0x00000267e0452fbc relative=0x000000000000099c
Event: 13.634 Thread 0x00000267ef427f90 Uncommon trap: reason=class_check action=maybe_recompile pc=0x00000267e0452fbc method=java.util.HashMap.putVal(ILjava/lang/Object;Ljava/lang/Object;ZZ)Ljava/lang/Object; @ 253 c2
Event: 13.634 Thread 0x00000267ef427f90 DEOPT PACKING pc=0x00000267e0452fbc sp=0x000000bf19cfd3b0
Event: 13.634 Thread 0x00000267ef427f90 DEOPT UNPACKING pc=0x00000267d89523a3 sp=0x000000bf19cfd350 mode 2
Event: 13.649 Thread 0x00000267ef427f90 Uncommon trap: trap_request=0xffffff45 fr.pc=0x00000267e04675b8 relative=0x0000000000000a38
Event: 13.649 Thread 0x00000267ef427f90 Uncommon trap: reason=unstable_if action=reinterpret pc=0x00000267e04675b8 method=java.lang.Integer.compare(II)I @ 2 c2
Event: 13.649 Thread 0x00000267ef427f90 DEOPT PACKING pc=0x00000267e04675b8 sp=0x000000bf19cfd900
Event: 13.649 Thread 0x00000267ef427f90 DEOPT UNPACKING pc=0x00000267d89523a3 sp=0x000000bf19cfd768 mode 2
Event: 13.959 Thread 0x00000267ef4297a0 Uncommon trap: trap_request=0xffffff45 fr.pc=0x00000267e0407574 relative=0x0000000000000ff4
Event: 13.959 Thread 0x00000267ef4297a0 Uncommon trap: reason=unstable_if action=reinterpret pc=0x00000267e0407574 method=java.awt.image.ReplicateScaleFilter.setPixels(IIIILjava/awt/image/ColorModel;[III)V @ 4 c2
Event: 13.959 Thread 0x00000267ef4297a0 DEOPT PACKING pc=0x00000267e0407574 sp=0x000000bf1a1fe5a0
Event: 13.959 Thread 0x00000267ef4297a0 DEOPT UNPACKING pc=0x00000267d89523a3 sp=0x000000bf1a1fe448 mode 2
Event: 14.129 Thread 0x00000267ef427f90 Uncommon trap: trap_request=0xffffff45 fr.pc=0x00000267e045861c relative=0x000000000000015c
Event: 14.129 Thread 0x00000267ef427f90 Uncommon trap: reason=unstable_if action=reinterpret pc=0x00000267e045861c method=java.lang.invoke.VarHandle.checkExactAccessMode(Ljava/lang/invoke/VarHandle$AccessDescriptor;)V @ 4 c2
Event: 14.129 Thread 0x00000267ef427f90 DEOPT PACKING pc=0x00000267e045861c sp=0x000000bf19cfe140
Event: 14.129 Thread 0x00000267ef427f90 DEOPT UNPACKING pc=0x00000267d89523a3 sp=0x000000bf19cfe080 mode 2

Classes unloaded (0 events):
No events

Classes redefined (0 events):
No events

Internal exceptions (20 events):
Event: 0.970 Thread 0x00000267d10ee3e0 Exception <a 'java/lang/NoSuchMethodError'{0x000000008c240570}: 'void java.lang.invoke.DirectMethodHandle$Holder.invokeSpecial(java.lang.Object, java.lang.Object, java.lang.Object)'> (0x000000008c240570) 
thrown [t:\workspace\open\src\hotspot\share\interpreter\linkResolver.cpp, line 766]
Event: 1.011 Thread 0x00000267d10ee3e0 Exception <a 'java/lang/NoSuchMethodError'{0x000000008c2ad220}: 'java.lang.Object java.lang.invoke.DirectMethodHandle$Holder.newInvokeSpecial(java.lang.Object, java.lang.Object, java.lang.Object, java.lang.Object, java.lang.Object)'> (0x000000008c2ad220) 
thrown [t:\workspace\open\src\hotspot\share\interpreter\linkResolver.cpp, line 766]
Event: 1.021 Thread 0x00000267d10ee3e0 Exception <a 'java/lang/NoSuchMethodError'{0x000000008c2b8be8}: 'java.lang.Object java.lang.invoke.DirectMethodHandle$Holder.invokeStatic(java.lang.Object, int, java.lang.Object, java.lang.Object, java.lang.Object, java.lang.Object)'> (0x000000008c2b8be8) 
thrown [t:\workspace\open\src\hotspot\share\interpreter\linkResolver.cpp, line 766]
Event: 1.042 Thread 0x00000267d10ee3e0 Exception <a 'java/lang/NoSuchMethodError'{0x000000008c2de890}: 'java.lang.Object java.lang.invoke.DirectMethodHandle$Holder.invokeStatic(java.lang.Object, int, java.lang.Object)'> (0x000000008c2de890) 
thrown [t:\workspace\open\src\hotspot\share\interpreter\linkResolver.cpp, line 766]
Event: 1.132 Thread 0x00000267d10ee3e0 Exception <a 'java/lang/ClassNotFoundException'{0x000000008c196e38}: com/sun/swing/internal/plaf/metal/resources/spi/metalProvider> (0x000000008c196e38) 
thrown [t:\workspace\open\src\hotspot\share\classfile\systemDictionary.cpp, line 256]
Event: 1.135 Thread 0x00000267d10ee3e0 Exception <a 'java/lang/ClassNotFoundException'{0x000000008c19ac90}: com/sun/swing/internal/plaf/basic/resources/spi/basicProvider> (0x000000008c19ac90) 
thrown [t:\workspace\open\src\hotspot\share\classfile\systemDictionary.cpp, line 256]
Event: 1.381 Thread 0x00000267ef427ac0 Exception <a 'java/lang/NoSuchMethodError'{0x000000008bf41190}: 'java.lang.Object java.lang.invoke.DirectMethodHandle$Holder.newInvokeSpecial(java.lang.Object, java.lang.Object, java.lang.Object, int, int, int, int, int)'> (0x000000008bf41190) 
thrown [t:\workspace\open\src\hotspot\share\interpreter\linkResolver.cpp, line 766]
Event: 2.839 Thread 0x00000267d10ee3e0 Exception <a 'java/lang/NoSuchMethodError'{0x000000008b74bc40}: 'void java.lang.invoke.DirectMethodHandle$Holder.invokeStaticInit(java.lang.Object)'> (0x000000008b74bc40) 
thrown [t:\workspace\open\src\hotspot\share\interpreter\linkResolver.cpp, line 766]
Event: 3.014 Thread 0x00000267ef426c50 Exception <a 'java/lang/NoSuchMethodError'{0x000000008b6095e8}: 'void java.lang.invoke.DirectMethodHandle$Holder.invokeVirtual(java.lang.Object, java.lang.Object)'> (0x000000008b6095e8) 
thrown [t:\workspace\open\src\hotspot\share\interpreter\linkResolver.cpp, line 766]
Event: 12.648 Thread 0x00000267ef427f90 Exception <a 'java/lang/NoSuchMethodError'{0x000000008b287c88}: 'java.lang.Object java.lang.invoke.DirectMethodHandle$Holder.invokeInterface(java.lang.Object, java.lang.Object)'> (0x000000008b287c88) 
thrown [t:\workspace\open\src\hotspot\share\interpreter\linkResolver.cpp, line 766]
Event: 12.699 Thread 0x00000267ef427f90 Exception <a 'java/lang/NoSuchMethodError'{0x000000008b105458}: 'void java.lang.invoke.DirectMethodHandle$Holder.invokeStatic(java.lang.Object, java.lang.Object, java.lang.Object)'> (0x000000008b105458) 
thrown [t:\workspace\open\src\hotspot\share\interpreter\linkResolver.cpp, line 766]
Event: 12.702 Thread 0x00000267ef427f90 Exception <a 'java/lang/NoSuchMethodError'{0x000000008b10f990}: 'java.lang.Object java.lang.invoke.DirectMethodHandle$Holder.invokeVirtual(java.lang.Object, java.lang.Object, java.lang.Object)'> (0x000000008b10f990) 
thrown [t:\workspace\open\src\hotspot\share\interpreter\linkResolver.cpp, line 766]
Event: 13.061 Thread 0x00000267ef427f90 Exception <a 'java/lang/NoSuchMethodError'{0x000000008adbf330}: 'void java.lang.invoke.DirectMethodHandle$Holder.invokeStaticInit(java.lang.Object, java.lang.Object)'> (0x000000008adbf330) 
thrown [t:\workspace\open\src\hotspot\share\interpreter\linkResolver.cpp, line 766]
Event: 13.164 Thread 0x00000267ef427f90 Exception <a 'sun/nio/fs/WindowsException'{0x000000008acfe330}> (0x000000008acfe330) 
thrown [t:\workspace\open\src\hotspot\share\prims\jni.cpp, line 516]
Event: 13.197 Thread 0x00000267ef427f90 Exception <a 'java/lang/NoSuchMethodError'{0x000000008ab24c68}: 'int java.lang.invoke.DirectMethodHandle$Holder.invokeStaticInit(java.lang.Object, java.lang.Object, java.lang.Object, java.lang.Object)'> (0x000000008ab24c68) 
thrown [t:\workspace\open\src\hotspot\share\interpreter\linkResolver.cpp, line 766]
Event: 13.199 Thread 0x00000267ef427f90 Exception <a 'java/lang/IncompatibleClassChangeError'{0x000000008ab2e160}: Found class java.lang.Object, but interface was expected> (0x000000008ab2e160) 
thrown [t:\workspace\open\src\hotspot\share\interpreter\linkResolver.cpp, line 833]
Event: 13.201 Thread 0x00000267ef427f90 Exception <a 'java/lang/NoSuchMethodError'{0x000000008ab33cd8}: 'int java.lang.invoke.DirectMethodHandle$Holder.invokeStaticInit(java.lang.Object, java.lang.Object)'> (0x000000008ab33cd8) 
thrown [t:\workspace\open\src\hotspot\share\interpreter\linkResolver.cpp, line 766]
Event: 13.271 Thread 0x00000267ef427f90 Exception <a 'java/lang/NoSuchMethodError'{0x000000008a9122d8}: 'java.lang.Object java.lang.invoke.DirectMethodHandle$Holder.invokeStaticInit(java.lang.Object, int, int, int, int)'> (0x000000008a9122d8) 
thrown [t:\workspace\open\src\hotspot\share\interpreter\linkResolver.cpp, line 766]
Event: 13.359 Thread 0x00000267ef427f90 Exception <a 'java/lang/NoSuchMethodError'{0x000000008a9e3c80}: 'java.lang.Object java.lang.invoke.DirectMethodHandle$Holder.invokeStaticInit(java.lang.Object, java.lang.Object, int, int, int, int)'> (0x000000008a9e3c80) 
thrown [t:\workspace\open\src\hotspot\share\interpreter\linkResolver.cpp, line 766]
Event: 13.959 Thread 0x00000267ef4297a0 Implicit null exception at 0x00000267e040683c to 0x00000267e0407530

VM Operations (20 events):
Event: 10.080 Executing VM operation: Cleanup
Event: 10.080 Executing VM operation: Cleanup done
Event: 11.085 Executing VM operation: Cleanup
Event: 11.086 Executing VM operation: Cleanup done
Event: 12.096 Executing VM operation: Cleanup
Event: 12.096 Executing VM operation: Cleanup done
Event: 12.625 Executing VM operation: HandshakeAllThreads
Event: 12.625 Executing VM operation: HandshakeAllThreads done
Event: 12.625 Executing VM operation: HandshakeAllThreads
Event: 12.625 Executing VM operation: HandshakeAllThreads done
Event: 13.072 Executing VM operation: HandshakeAllThreads
Event: 13.072 Executing VM operation: HandshakeAllThreads done
Event: 13.183 Executing VM operation: HandshakeAllThreads
Event: 13.183 Executing VM operation: HandshakeAllThreads done
Event: 13.183 Executing VM operation: Cleanup
Event: 13.184 Executing VM operation: Cleanup done
Event: 14.048 Executing VM operation: ICBufferFull
Event: 14.048 Executing VM operation: ICBufferFull done
Event: 14.154 Executing VM operation: G1TryInitiateConcMark
Event: 14.161 Executing VM operation: G1TryInitiateConcMark done

Events (20 events):
Event: 14.115 loading class javax/swing/SizeRequirements done
Event: 14.116 loading class sun/swing/MenuItemLayoutHelper$RectSize
Event: 14.117 loading class sun/swing/MenuItemLayoutHelper$RectSize done
Event: 14.146 loading class java/awt/LightweightDispatcher$2
Event: 14.146 loading class java/awt/LightweightDispatcher$2 done
Event: 14.163 loading class sun/security/ssl/Alert
Event: 14.164 loading class sun/security/ssl/Alert done
Event: 14.165 loading class sun/security/ssl/Alert$AlertConsumer
Event: 14.167 loading class javax/swing/plaf/metal/MetalUtils$GradientPainter
Event: 14.699 loading class sun/security/ssl/Alert$AlertConsumer done
Event: 14.699 loading class sun/security/ssl/Alert$Level
Event: 14.709 loading class sun/security/ssl/Alert$Level done
Event: 14.710 loading class sun/swing/CachedPainter
Event: 14.711 loading class sun/swing/CachedPainter done
Event: 14.711 loading class javax/swing/plaf/metal/MetalUtils$GradientPainter done
Event: 14.711 loading class sun/swing/CachedPainter$PainterMultiResolutionCachedImage
Event: 14.713 loading class java/awt/image/AbstractMultiResolutionImage
Event: 14.713 loading class java/awt/image/AbstractMultiResolutionImage done
Event: 14.714 loading class sun/swing/CachedPainter$PainterMultiResolutionCachedImage done
Event: 14.714 loading class sun/swing/ImageCache


Dynamic libraries:
0x00007ff7af990000 - 0x00007ff7af9a0000 	C:\Program Files\Java\jdk-17.0.1\bin\java.exe
0x00007ffc3e570000 - 0x00007ffc3e768000 	C:\WINDOWS\SYSTEM32\ntdll.dll
0x00007ffc3de10000 - 0x00007ffc3decf000 	C:\WINDOWS\System32\KERNEL32.DLL
0x00007ffc3bcc0000 - 0x00007ffc3bfb6000 	C:\WINDOWS\System32\KERNELBASE.dll
0x00007ffc3c140000 - 0x00007ffc3c240000 	C:\WINDOWS\System32\ucrtbase.dll
0x00007ffc153d0000 - 0x00007ffc153ea000 	C:\Program Files\Java\jdk-17.0.1\bin\VCRUNTIME140.dll
0x00007ffc153b0000 - 0x00007ffc153c8000 	C:\Program Files\Java\jdk-17.0.1\bin\jli.dll
0x00007ffc3dfa0000 - 0x00007ffc3e04f000 	C:\WINDOWS\System32\ADVAPI32.dll
0x00007ffc3e0b0000 - 0x00007ffc3e14e000 	C:\WINDOWS\System32\msvcrt.dll
0x00007ffc3d3a0000 - 0x00007ffc3d43c000 	C:\WINDOWS\System32\sechost.dll
0x00007ffc3db90000 - 0x00007ffc3dcb6000 	C:\WINDOWS\System32\RPCRT4.dll
0x00007ffc3e260000 - 0x00007ffc3e3fd000 	C:\WINDOWS\System32\USER32.dll
0x00007ffc3c5a0000 - 0x00007ffc3c5c2000 	C:\WINDOWS\System32\win32u.dll
0x00007ffc3c830000 - 0x00007ffc3c85c000 	C:\WINDOWS\System32\GDI32.dll
0x00007ffc3c3a0000 - 0x00007ffc3c4b5000 	C:\WINDOWS\System32\gdi32full.dll
0x00007ffc3c0a0000 - 0x00007ffc3c13d000 	C:\WINDOWS\System32\msvcp_win.dll
0x00007ffc3af60000 - 0x00007ffc3b1fa000 	C:\WINDOWS\WinSxS\amd64_microsoft.windows.common-controls_6595b64144ccf1df_6.0.19041.1110_none_60b5254171f9507e\COMCTL32.dll
0x00007ffc38930000 - 0x00007ffc3893a000 	C:\WINDOWS\SYSTEM32\VERSION.dll
0x00007ffc3ce50000 - 0x00007ffc3ce80000 	C:\WINDOWS\System32\IMM32.DLL
0x00007ffc39840000 - 0x00007ffc3984c000 	C:\Program Files\Java\jdk-17.0.1\bin\vcruntime140_1.dll
0x00007ffc15320000 - 0x00007ffc153ad000 	C:\Program Files\Java\jdk-17.0.1\bin\msvcp140.dll
0x00007ffbfc960000 - 0x00007ffbfd51e000 	C:\Program Files\Java\jdk-17.0.1\bin\server\jvm.dll
0x00007ffc3cfa0000 - 0x00007ffc3cfa8000 	C:\WINDOWS\System32\PSAPI.DLL
0x00007ffc29450000 - 0x00007ffc29459000 	C:\WINDOWS\SYSTEM32\WSOCK32.dll
0x00007ffc3dcc0000 - 0x00007ffc3dd2b000 	C:\WINDOWS\System32\WS2_32.dll
0x00007ffc2a680000 - 0x00007ffc2a6a7000 	C:\WINDOWS\SYSTEM32\WINMM.dll
0x00007ffc38dd0000 - 0x00007ffc38de2000 	C:\WINDOWS\SYSTEM32\kernel.appcore.dll
0x00007ffc1e0d0000 - 0x00007ffc1e0da000 	C:\Program Files\Java\jdk-17.0.1\bin\jimage.dll
0x00007ffc3b380000 - 0x00007ffc3b564000 	C:\WINDOWS\SYSTEM32\DBGHELP.DLL
0x00007ffc3b340000 - 0x00007ffc3b374000 	C:\WINDOWS\SYSTEM32\dbgcore.DLL
0x00007ffc3c010000 - 0x00007ffc3c092000 	C:\WINDOWS\System32\bcryptPrimitives.dll
0x00007ffc368e0000 - 0x00007ffc368ee000 	C:\Program Files\Java\jdk-17.0.1\bin\instrument.dll
0x00007ffc152f0000 - 0x00007ffc15315000 	C:\Program Files\Java\jdk-17.0.1\bin\java.dll
0x00007ffc15210000 - 0x00007ffc152e6000 	C:\Program Files\Java\jdk-17.0.1\bin\svml.dll
0x00007ffc3d440000 - 0x00007ffc3db84000 	C:\WINDOWS\System32\SHELL32.dll
0x00007ffc38fd0000 - 0x00007ffc39763000 	C:\WINDOWS\SYSTEM32\windows.storage.dll
0x00007ffc3d020000 - 0x00007ffc3d374000 	C:\WINDOWS\System32\combase.dll
0x00007ffc3aef0000 - 0x00007ffc3af1e000 	C:\WINDOWS\SYSTEM32\Wldp.dll
0x00007ffc3c5d0000 - 0x00007ffc3c67d000 	C:\WINDOWS\System32\SHCORE.dll
0x00007ffc3c860000 - 0x00007ffc3c8b5000 	C:\WINDOWS\System32\shlwapi.dll
0x00007ffc3bb90000 - 0x00007ffc3bbaf000 	C:\WINDOWS\SYSTEM32\profapi.dll
0x00007ffc151f0000 - 0x00007ffc15208000 	C:\Program Files\Java\jdk-17.0.1\bin\zip.dll
0x00007ffc20480000 - 0x00007ffc20499000 	C:\Program Files\Java\jdk-17.0.1\bin\net.dll
0x00007ffc387e0000 - 0x00007ffc388ea000 	C:\WINDOWS\SYSTEM32\WINHTTP.dll
0x00007ffc3ae60000 - 0x00007ffc3aeca000 	C:\WINDOWS\system32\mswsock.dll
0x00007ffc20460000 - 0x00007ffc20475000 	C:\Program Files\Java\jdk-17.0.1\bin\nio.dll
0x00007ffc36720000 - 0x00007ffc3673a000 	C:\Program Files\JetBrains\IntelliJ IDEA Community Edition 2022.2.1\bin\breakgen64.dll
0x00007ffc0f540000 - 0x00007ffc0f6cf000 	C:\Program Files\Java\jdk-17.0.1\bin\awt.dll
0x00007ffc3ded0000 - 0x00007ffc3df9d000 	C:\WINDOWS\System32\OLEAUT32.dll
0x00007ffc38290000 - 0x00007ffc38321000 	C:\WINDOWS\SYSTEM32\apphelp.dll
0x00007ffc38bc0000 - 0x00007ffc38bef000 	C:\WINDOWS\system32\DWMAPI.DLL
0x00007ffc38390000 - 0x00007ffc3842e000 	C:\WINDOWS\system32\uxtheme.dll
0x00007ffc172d0000 - 0x00007ffc173f5000 	C:\WINDOWS\system32\opengl32.dll
0x00007ffc17260000 - 0x00007ffc1728c000 	C:\WINDOWS\SYSTEM32\GLU32.dll
0x00007ffc3ce80000 - 0x00007ffc3cf94000 	C:\WINDOWS\System32\MSCTF.dll
0x00007ffc3e400000 - 0x00007ffc3e52a000 	C:\WINDOWS\System32\ole32.dll
0x00007ffc33540000 - 0x00007ffc3356d000 	C:\Program Files\Java\jdk-17.0.1\bin\javajpeg.dll
0x00007ffc1ff70000 - 0x00007ffc1fff9000 	C:\Program Files\Java\jdk-17.0.1\bin\freetype.dll
0x00007ffc155f0000 - 0x00007ffc15698000 	C:\Program Files\Java\jdk-17.0.1\bin\fontmanager.dll
0x00007ffc3e1b0000 - 0x00007ffc3e259000 	C:\WINDOWS\System32\clbcatq.dll
0x00007ffc342d0000 - 0x00007ffc34484000 	C:\WINDOWS\SYSTEM32\WindowsCodecs.dll
0x00007ffc3c4c0000 - 0x00007ffc3c4e7000 	C:\WINDOWS\System32\bcrypt.dll
0x00007ffc19420000 - 0x00007ffc1945e000 	C:\WINDOWS\system32\dataexchange.dll
0x00007ffc37790000 - 0x00007ffc37973000 	C:\WINDOWS\system32\dcomp.dll
0x00007ffc36b00000 - 0x00007ffc36d63000 	C:\WINDOWS\system32\d3d11.dll
0x00007ffc39e60000 - 0x00007ffc39f53000 	C:\WINDOWS\system32\dxgi.dll
0x00007ffc34490000 - 0x00007ffc34690000 	C:\WINDOWS\system32\twinapi.appcore.dll
0x00007ffc2f150000 - 0x00007ffc2f24a000 	C:\WINDOWS\SYSTEM32\textinputframework.dll
0x00007ffc37980000 - 0x00007ffc37cde000 	C:\WINDOWS\System32\CoreUIComponents.dll
0x00007ffc38060000 - 0x00007ffc38152000 	C:\WINDOWS\System32\CoreMessaging.dll
0x00007ffc3b980000 - 0x00007ffc3b9b3000 	C:\WINDOWS\SYSTEM32\ntmarta.dll
0x00007ffc369a0000 - 0x00007ffc36af4000 	C:\WINDOWS\SYSTEM32\wintypes.dll
0x00007ffc2a6b0000 - 0x00007ffc2a716000 	C:\WINDOWS\system32\Oleacc.dll
0x00007ffc3aa00000 - 0x00007ffc3aacb000 	C:\WINDOWS\SYSTEM32\DNSAPI.dll
0x00007ffc3a9c0000 - 0x00007ffc3a9fc000 	C:\WINDOWS\SYSTEM32\IPHLPAPI.DLL
0x00007ffc3cfb0000 - 0x00007ffc3cfb8000 	C:\WINDOWS\System32\NSI.dll
0x00007ffc2cdf0000 - 0x00007ffc2cdfa000 	C:\Windows\System32\rasadhlp.dll
0x00007ffc2d2f0000 - 0x00007ffc2d372000 	C:\WINDOWS\System32\fwpuclnt.dll
0x00007ffc32810000 - 0x00007ffc3281e000 	C:\Program Files\Java\jdk-17.0.1\bin\sunmscapi.dll
0x00007ffc3c240000 - 0x00007ffc3c39e000 	C:\WINDOWS\System32\CRYPT32.dll
0x00007ffc3b200000 - 0x00007ffc3b228000 	C:\WINDOWS\SYSTEM32\ncrypt.dll
0x00007ffc3af20000 - 0x00007ffc3af5b000 	C:\WINDOWS\SYSTEM32\NTASN1.dll
0x00007ffc3b9e0000 - 0x00007ffc3b9f8000 	C:\WINDOWS\SYSTEM32\CRYPTSP.dll
0x00007ffc3a650000 - 0x00007ffc3a684000 	C:\WINDOWS\system32\rsaenh.dll
0x00007ffc3bb50000 - 0x00007ffc3bb7e000 	C:\WINDOWS\SYSTEM32\USERENV.dll
0x00007ffc3ad20000 - 0x00007ffc3ad2c000 	C:\WINDOWS\SYSTEM32\CRYPTBASE.dll
0x00007ffc313b0000 - 0x00007ffc313c7000 	C:\WINDOWS\SYSTEM32\dhcpcsvc6.DLL
0x00007ffc31370000 - 0x00007ffc3138d000 	C:\WINDOWS\SYSTEM32\dhcpcsvc.DLL

dbghelp: loaded successfully - version: 4.0.5 - missing functions: none
symbol engine: initialized successfully - sym options: 0x614 - pdb path: .;C:\Program Files\Java\jdk-17.0.1\bin;C:\WINDOWS\SYSTEM32;C:\WINDOWS\WinSxS\amd64_microsoft.windows.common-controls_6595b64144ccf1df_6.0.19041.1110_none_60b5254171f9507e;C:\Program Files\Java\jdk-17.0.1\bin\server;C:\Program Files\JetBrains\IntelliJ IDEA Community Edition 2022.2.1\bin

VM Arguments:
jvm_args: -javaagent:C:\Program Files\JetBrains\IntelliJ IDEA Community Edition 2022.2.1\lib\idea_rt.jar=50986:C:\Program Files\JetBrains\IntelliJ IDEA Community Edition 2022.2.1\bin -Dfile.encoding=UTF-8 
java_command: booking.Login
java_class_path (initial): C:\Car Booking System\target\classes;C:\mysql-connector-java-8.0.28.jar;C:\dbutils.jar
Launcher Type: SUN_STANDARD

[Global flags]
     intx CICompilerCount                          = 3                                         {product} {ergonomic}
     uint ConcGCThreads                            = 1                                         {product} {ergonomic}
     uint G1ConcRefinementThreads                  = 4                                         {product} {ergonomic}
   size_t G1HeapRegionSize                         = 1048576                                   {product} {ergonomic}
    uintx GCDrainStackTargetSize                   = 64                                        {product} {ergonomic}
   size_t InitialHeapSize                          = 130023424                                 {product} {ergonomic}
   size_t MarkStackSize                            = 4194304                                   {product} {ergonomic}
   size_t MaxHeapSize                              = 2069889024                                {product} {ergonomic}
   size_t MaxNewSize                               = 1241513984                                {product} {ergonomic}
   size_t MinHeapDeltaBytes                        = 1048576                                   {product} {ergonomic}
   size_t MinHeapSize                              = 8388608                                   {product} {ergonomic}
    uintx NonNMethodCodeHeapSize                   = 5832780                                {pd product} {ergonomic}
    uintx NonProfiledCodeHeapSize                  = 122912730                              {pd product} {ergonomic}
    uintx ProfiledCodeHeapSize                     = 122912730                              {pd product} {ergonomic}
    uintx ReservedCodeCacheSize                    = 251658240                              {pd product} {ergonomic}
     bool SegmentedCodeCache                       = true                                      {product} {ergonomic}
   size_t SoftMaxHeapSize                          = 2069889024                             {manageable} {ergonomic}
     bool UseCompressedClassPointers               = true                           {product lp64_product} {ergonomic}
     bool UseCompressedOops                        = true                           {product lp64_product} {ergonomic}
     bool UseG1GC                                  = true                                      {product} {ergonomic}
     bool UseLargePagesIndividualAllocation        = false                                  {pd product} {ergonomic}

Logging:
Log output configuration:
 #0: stdout all=warning uptime,level,tags
 #1: stderr all=off uptime,level,tags

Environment Variables:
JAVA_HOME=C:\Program Files\Amazon Corretto\jdk11.0.16_9
PATH=C:\Python311\Scripts\;C:\Python311\;C:\Program Files\Amazon Corretto\jdk11.0.16_9\bin;C:\Program Files\Common Files\Oracle\Java\javapath;C:\Program Files\Eclipse Foundation\jdk-11.0.12.7-hotspot\bin;C:\WINDOWS\system32;C:\WINDOWS;C:\WINDOWS\System32\Wbem;C:\WINDOWS\System32\WindowsPowerShell\v1.0\;C:\WINDOWS\System32\OpenSSH\;C:\Program Files\Git\cmd;C:\Program Files\dotnet\;C:\Program Files\Docker\Docker\resources\bin;C:\Program Files\MySQL\MySQL Server 8.0\bin;C:\Program Files\nodejs\;C:\ProgramData\chocolatey\bin;C:\Program Files\Kubernetes\Minikube;;C:\minikube;C:\Program Files\MySQL\MySQL Shell 8.0\bin\;C:\Users\Admin\AppData\Local\Microsoft\WindowsApps;C:\Users\Admin\AppData\Local\Programs\Microsoft VS Code\bin;C:\Users\Admin\AppData\Local\GitHubDesktop\bin;C:\Users\Admin\.dotnet\tools;C:\Users\Admin\AppData\Roaming\npm
USERNAME=Admin
OS=Windows_NT
PROCESSOR_IDENTIFIER=Intel64 Family 6 Model 58 Stepping 9, GenuineIntel



---------------  S Y S T E M  ---------------

OS:
 Windows 10 , 64 bit Build 19041 (10.0.19041.2913)
OS uptime: 0 days 0:19 hours
Hyper-V role detected

CPU: total 4 (initial active 4) (2 cores per cpu, 2 threads per core) family 6 model 58 stepping 9 microcode 0x21, cx8, cmov, fxsr, ht, mmx, sse, sse2, sse3, ssse3, sse4.1, sse4.2, popcnt, tsc, tscinvbit, avx, aes, erms, clmul, vzeroupper, clflush, hv

Memory: 4k page, system-wide physical 7888M (206M free)
TotalPageFile size 17249M (AvailPageFile size 6652M)
current process WorkingSet (physical memory assigned to process): 189M, peak: 189M
current process commit charge ("private bytes"): 232M, peak: 237M

vm_info: Java HotSpot(TM) 64-Bit Server VM (17.0.1+12-LTS-39) for windows-amd64 JRE (17.0.1+12-LTS-39), built on Sep 27 2021 18:41:35 by "mach5one" with MS VC++ 16.8 (VS2019)

END.
